58 ; __init__ ; DEBUG ; 58; faceEdgeMgr initiated
256 ; __init__ ; DEBUG ; 256; 19400:1 - face initiated
337 ; selected ; DEBUG ; 337;  19400:1 - face object added to registeredFaces
282 ; __init__ ; DEBUG ; 282; 0 - edges found on face creation
334 ; selected ; DEBUG ; 334;  19400:1 - face object removed from selectedFaces
285 ; __init__ ; DEBUG ; 285; no edges found on deselecting face 
256 ; __init__ ; DEBUG ; 256; 19401:1 - face initiated
337 ; selected ; DEBUG ; 337;  19401:1 - face object added to registeredFaces
282 ; __init__ ; DEBUG ; 282; 0 - edges found on face creation
334 ; selected ; DEBUG ; 334;  19401:1 - face object removed from selectedFaces
285 ; __init__ ; DEBUG ; 285; no edges found on deselecting face 
256 ; __init__ ; DEBUG ; 256; 19402:1 - face initiated
337 ; selected ; DEBUG ; 337;  19402:1 - face object added to registeredFaces
282 ; __init__ ; DEBUG ; 282; 0 - edges found on face creation
334 ; selected ; DEBUG ; 334;  19402:1 - face object removed from selectedFaces
285 ; __init__ ; DEBUG ; 285; no edges found on deselecting face 
256 ; __init__ ; DEBUG ; 256; 19403:1 - face initiated
337 ; selected ; DEBUG ; 337;  19403:1 - face object added to registeredFaces
282 ; __init__ ; DEBUG ; 282; 0 - edges found on face creation
334 ; selected ; DEBUG ; 334;  19403:1 - face object removed from selectedFaces
285 ; __init__ ; DEBUG ; 285; no edges found on deselecting face 
256 ; __init__ ; DEBUG ; 256; 13232:1 - face initiated
337 ; selected ; DEBUG ; 337;  13232:1 - face object added to registeredFaces
282 ; __init__ ; DEBUG ; 282; 0 - edges found on face creation
334 ; selected ; DEBUG ; 334;  13232:1 - face object removed from selectedFaces
285 ; __init__ ; DEBUG ; 285; no edges found on deselecting face 
256 ; __init__ ; DEBUG ; 256; 13029:1 - face initiated
337 ; selected ; DEBUG ; 337;  13029:1 - face object added to registeredFaces
282 ; __init__ ; DEBUG ; 282; 0 - edges found on face creation
334 ; selected ; DEBUG ; 334;  13029:1 - face object removed from selectedFaces
285 ; __init__ ; DEBUG ; 285; no edges found on deselecting face 
256 ; __init__ ; DEBUG ; 256; 6408:1 - face initiated
337 ; selected ; DEBUG ; 337;  6408:1 - face object added to registeredFaces
282 ; __init__ ; DEBUG ; 282; 2 - edges found on face creation
202 ; selected ; DEBUG ; 202; 13032:1 - edge selected - True
205 ; selected ; DEBUG ; 205; 13032:1 - edge appended
180 ; __init__ ; DEBUG ; 180; 13032:1 - edge initiated
293 ; __init__ ; DEBUG ; 293;  13032:1 - edge object added
202 ; selected ; DEBUG ; 202; 6442:1 - edge selected - True
205 ; selected ; DEBUG ; 205; 6442:1 - edge appended
180 ; __init__ ; DEBUG ; 180; 6442:1 - edge initiated
293 ; __init__ ; DEBUG ; 293;  6442:1 - edge object added
256 ; __init__ ; DEBUG ; 256; 6409:1 - face initiated
337 ; selected ; DEBUG ; 337;  6409:1 - face object added to registeredFaces
282 ; __init__ ; DEBUG ; 282; 6 - edges found on face creation
202 ; selected ; DEBUG ; 202; 12911:1 - edge selected - True
205 ; selected ; DEBUG ; 205; 12911:1 - edge appended
180 ; __init__ ; DEBUG ; 180; 12911:1 - edge initiated
293 ; __init__ ; DEBUG ; 293;  12911:1 - edge object added
202 ; selected ; DEBUG ; 202; 12910:1 - edge selected - True
205 ; selected ; DEBUG ; 205; 12910:1 - edge appended
180 ; __init__ ; DEBUG ; 180; 12910:1 - edge initiated
293 ; __init__ ; DEBUG ; 293;  12910:1 - edge object added
202 ; selected ; DEBUG ; 202; 12913:1 - edge selected - True
205 ; selected ; DEBUG ; 205; 12913:1 - edge appended
180 ; __init__ ; DEBUG ; 180; 12913:1 - edge initiated
293 ; __init__ ; DEBUG ; 293;  12913:1 - edge object added
202 ; selected ; DEBUG ; 202; 12912:1 - edge selected - True
205 ; selected ; DEBUG ; 205; 12912:1 - edge appended
180 ; __init__ ; DEBUG ; 180; 12912:1 - edge initiated
293 ; __init__ ; DEBUG ; 293;  12912:1 - edge object added
202 ; selected ; DEBUG ; 202; 6454:1 - edge selected - True
205 ; selected ; DEBUG ; 205; 6454:1 - edge appended
180 ; __init__ ; DEBUG ; 180; 6454:1 - edge initiated
293 ; __init__ ; DEBUG ; 293;  6454:1 - edge object added
202 ; selected ; DEBUG ; 202; 6452:1 - edge selected - True
205 ; selected ; DEBUG ; 205; 6452:1 - edge appended
180 ; __init__ ; DEBUG ; 180; 6452:1 - edge initiated
293 ; __init__ ; DEBUG ; 293;  6452:1 - edge object added
256 ; __init__ ; DEBUG ; 256; 6418:1 - face initiated
337 ; selected ; DEBUG ; 337;  6418:1 - face object added to registeredFaces
282 ; __init__ ; DEBUG ; 282; 2 - edges found on face creation
202 ; selected ; DEBUG ; 202; 13234:1 - edge selected - True
205 ; selected ; DEBUG ; 205; 13234:1 - edge appended
180 ; __init__ ; DEBUG ; 180; 13234:1 - edge initiated
293 ; __init__ ; DEBUG ; 293;  13234:1 - edge object added
202 ; selected ; DEBUG ; 202; 13235:1 - edge selected - True
205 ; selected ; DEBUG ; 205; 13235:1 - edge appended
180 ; __init__ ; DEBUG ; 180; 13235:1 - edge initiated
293 ; __init__ ; DEBUG ; 293;  13235:1 - edge object added
256 ; __init__ ; DEBUG ; 256; 6427:1 - face initiated
337 ; selected ; DEBUG ; 337;  6427:1 - face object added to registeredFaces
282 ; __init__ ; DEBUG ; 282; 10 - edges found on face creation
202 ; selected ; DEBUG ; 202; 19408:1 - edge selected - True
205 ; selected ; DEBUG ; 205; 19408:1 - edge appended
180 ; __init__ ; DEBUG ; 180; 19408:1 - edge initiated
293 ; __init__ ; DEBUG ; 293;  19408:1 - edge object added
202 ; selected ; DEBUG ; 202; 6485:1 - edge selected - True
205 ; selected ; DEBUG ; 205; 6485:1 - edge appended
180 ; __init__ ; DEBUG ; 180; 6485:1 - edge initiated
293 ; __init__ ; DEBUG ; 293;  6485:1 - edge object added
202 ; selected ; DEBUG ; 202; 6480:1 - edge selected - True
205 ; selected ; DEBUG ; 205; 6480:1 - edge appended
180 ; __init__ ; DEBUG ; 180; 6480:1 - edge initiated
293 ; __init__ ; DEBUG ; 293;  6480:1 - edge object added
202 ; selected ; DEBUG ; 202; 6473:1 - edge selected - True
205 ; selected ; DEBUG ; 205; 6473:1 - edge appended
180 ; __init__ ; DEBUG ; 180; 6473:1 - edge initiated
293 ; __init__ ; DEBUG ; 293;  6473:1 - edge object added
202 ; selected ; DEBUG ; 202; 6469:1 - edge selected - True
205 ; selected ; DEBUG ; 205; 6469:1 - edge appended
180 ; __init__ ; DEBUG ; 180; 6469:1 - edge initiated
293 ; __init__ ; DEBUG ; 293;  6469:1 - edge object added
202 ; selected ; DEBUG ; 202; 6481:1 - edge selected - True
205 ; selected ; DEBUG ; 205; 6481:1 - edge appended
180 ; __init__ ; DEBUG ; 180; 6481:1 - edge initiated
293 ; __init__ ; DEBUG ; 293;  6481:1 - edge object added
202 ; selected ; DEBUG ; 202; 6464:1 - edge selected - True
205 ; selected ; DEBUG ; 205; 6464:1 - edge appended
180 ; __init__ ; DEBUG ; 180; 6464:1 - edge initiated
293 ; __init__ ; DEBUG ; 293;  6464:1 - edge object added
202 ; selected ; DEBUG ; 202; 19413:1 - edge selected - True
205 ; selected ; DEBUG ; 205; 19413:1 - edge appended
180 ; __init__ ; DEBUG ; 180; 19413:1 - edge initiated
293 ; __init__ ; DEBUG ; 293;  19413:1 - edge object added
202 ; selected ; DEBUG ; 202; 19412:1 - edge selected - True
205 ; selected ; DEBUG ; 205; 19412:1 - edge appended
180 ; __init__ ; DEBUG ; 180; 19412:1 - edge initiated
293 ; __init__ ; DEBUG ; 293;  19412:1 - edge object added
202 ; selected ; DEBUG ; 202; 19410:1 - edge selected - True
205 ; selected ; DEBUG ; 205; 19410:1 - edge appended
180 ; __init__ ; DEBUG ; 180; 19410:1 - edge initiated
293 ; __init__ ; DEBUG ; 293;  19410:1 - edge object added
